<?xml version="1.0" encoding="UTF-8"?>
<!-- Generated by org.testng.reporters.JUnitXMLReporter -->
<testsuite ignored="0" hostname="janjira" failures="1" tests="4" name="Reports Test" time="5.483" errors="0" timestamp="2566-03-04T21:29:55 ICT">
  <testcase classname="testNG.ReportsTest" name="reportTest1" time="5.247">
    <failure type="java.lang.AssertionError" message="expected [true] but found [false]">
      <![CDATA[java.lang.AssertionError: expected [true] but found [false]
at testNG.ReportsTest.reportTest1(ReportsTest.java:15)
at java.base/java.util.ArrayList.forEach(ArrayList.java:1541)
... Removed 31 stack frames]]>
    </failure>
  </testcase> <!-- reportTest1 -->
  <testcase classname="testNG.ReportsTest" name="reportTest2" time="0.002"/>
  <testcase classname="testNG.ReportsTest" name="reportTest3" time="0.003"/>
  <testcase classname="testNG.ReportsTest" name="reportTest4" time="0.001"/>
</testsuite> <!-- Reports Test -->
