<?xml version="1.0" encoding="UTF-8"?>
<!-- Generated by org.testng.reporters.JUnitXMLReporter -->
<testsuite hostname="janjira" ignored="2" name="Test" tests="4" failures="0" timestamp="2566-03-03T22:23:06 ICT" time="0.013" errors="0">
  <testcase name="aTest3" time="0.001" classname="testNG.GroupDemoTest"/>
  <testcase name="aTest1" time="0.001" classname="testNG.GroupDemoTest"/>
  <testcase name="aTest2" time="0.002" classname="testNG.GroupDemoTest"/>
  <testcase name="logoutTest" time="0.001" classname="testNG.LoginTest"/>
  <testcase name="aTest4" time="0.0" classname="testNG.GroupDemoTest">
    <ignored/>
  </testcase> <!-- aTest4 -->
  <testcase name="loginTest" time="0.0" classname="testNG.LoginTest">
    <ignored/>
  </testcase> <!-- loginTest -->
</testsuite> <!-- Test -->
