<?xml version="1.0" encoding="UTF-8"?>
<testng-results ignored="0" total="9" passed="9" failed="0" skipped="0">
  <reporter-output>
  </reporter-output>
  <suite started-at="2566-04-07T17:52:14 ICT" name="BlogSuite" finished-at="2566-04-07T17:54:38 ICT" duration-ms="143556">
    <groups>
    </groups>
    <test started-at="2566-04-07T17:52:14 ICT" name="ChromeTest" finished-at="2566-04-07T17:52:56 ICT" duration-ms="41701">
      <class name="testSeleniumLambda.Selenium101LambdaTest">
        <test-method is-config="true" signature="setUp(java.lang.String,java.lang.String,java.lang.String)[pri:0, instance:testSeleniumLambda.Selenium101LambdaTest@2892d68]" started-at="2566-04-07T17:52:14 ICT" name="setUp" finished-at="2566-04-07T17:52:21 ICT" duration-ms="6737" status="PASS">
          <params>
            <param index="0">
              <value>
                <![CDATA[chrome]]>
              </value>
            </param>
            <param index="1">
              <value>
                <![CDATA[111.0]]>
              </value>
            </param>
            <param index="2">
              <value>
                <![CDATA[WIN10]]>
              </value>
            </param>
          </params>
          <reporter-output>
          </reporter-output>
        </test-method> <!-- setUp -->
        <test-method signature="testcase1()[pri:0, instance:testSeleniumLambda.Selenium101LambdaTest@2892d68]" started-at="2566-04-07T17:52:21 ICT" name="testcase1" finished-at="2566-04-07T17:52:27 ICT" duration-ms="5848" status="PASS">
          <reporter-output>
          </reporter-output>
        </test-method> <!-- testcase1 -->
        <test-method signature="testcase2(java.lang.String)[pri:0, instance:testSeleniumLambda.Selenium101LambdaTest@2892d68]" started-at="2566-04-07T17:52:27 ICT" name="testcase2" finished-at="2566-04-07T17:52:31 ICT" duration-ms="4179" status="PASS">
          <params>
            <param index="0">
              <value>
                <![CDATA[chrome]]>
              </value>
            </param>
          </params>
          <reporter-output>
          </reporter-output>
        </test-method> <!-- testcase2 -->
        <test-method signature="testcase3(java.lang.String)[pri:0, instance:testSeleniumLambda.Selenium101LambdaTest@2892d68]" started-at="2566-04-07T17:52:31 ICT" name="testcase3" finished-at="2566-04-07T17:52:54 ICT" duration-ms="22983" status="PASS">
          <params>
            <param index="0">
              <value>
                <![CDATA[chrome]]>
              </value>
            </param>
          </params>
          <reporter-output>
          </reporter-output>
        </test-method> <!-- testcase3 -->
        <test-method is-config="true" signature="tearDown()[pri:0, instance:testSeleniumLambda.Selenium101LambdaTest@2892d68]" started-at="2566-04-07T17:52:54 ICT" name="tearDown" finished-at="2566-04-07T17:52:56 ICT" duration-ms="1908" status="PASS">
          <reporter-output>
          </reporter-output>
        </test-method> <!-- tearDown -->
      </class> <!-- testSeleniumLambda.Selenium101LambdaTest -->
    </test> <!-- ChromeTest -->
    <test started-at="2566-04-07T17:52:14 ICT" name="FirefoxTest" finished-at="2566-04-07T17:52:59 ICT" duration-ms="44726">
      <class name="testSeleniumLambda.Selenium101LambdaTest">
        <test-method is-config="true" signature="setUp(java.lang.String,java.lang.String,java.lang.String)[pri:0, instance:testSeleniumLambda.Selenium101LambdaTest@2d710f1a]" started-at="2566-04-07T17:52:14 ICT" name="setUp" finished-at="2566-04-07T17:52:22 ICT" duration-ms="7685" status="PASS">
          <params>
            <param index="0">
              <value>
                <![CDATA[firefox]]>
              </value>
            </param>
            <param index="1">
              <value>
                <![CDATA[109.0]]>
              </value>
            </param>
            <param index="2">
              <value>
                <![CDATA[WIN8]]>
              </value>
            </param>
          </params>
          <reporter-output>
          </reporter-output>
        </test-method> <!-- setUp -->
        <test-method signature="testcase1()[pri:0, instance:testSeleniumLambda.Selenium101LambdaTest@2d710f1a]" started-at="2566-04-07T17:52:22 ICT" name="testcase1" finished-at="2566-04-07T17:52:29 ICT" duration-ms="6903" status="PASS">
          <reporter-output>
          </reporter-output>
        </test-method> <!-- testcase1 -->
        <test-method signature="testcase2(java.lang.String)[pri:0, instance:testSeleniumLambda.Selenium101LambdaTest@2d710f1a]" started-at="2566-04-07T17:52:29 ICT" name="testcase2" finished-at="2566-04-07T17:52:33 ICT" duration-ms="4398" status="PASS">
          <params>
            <param index="0">
              <value>
                <![CDATA[firefox]]>
              </value>
            </param>
          </params>
          <reporter-output>
          </reporter-output>
        </test-method> <!-- testcase2 -->
        <test-method signature="testcase3(java.lang.String)[pri:0, instance:testSeleniumLambda.Selenium101LambdaTest@2d710f1a]" started-at="2566-04-07T17:52:33 ICT" name="testcase3" finished-at="2566-04-07T17:52:57 ICT" duration-ms="23253" status="PASS">
          <params>
            <param index="0">
              <value>
                <![CDATA[firefox]]>
              </value>
            </param>
          </params>
          <reporter-output>
          </reporter-output>
        </test-method> <!-- testcase3 -->
        <test-method is-config="true" signature="tearDown()[pri:0, instance:testSeleniumLambda.Selenium101LambdaTest@2d710f1a]" started-at="2566-04-07T17:52:57 ICT" name="tearDown" finished-at="2566-04-07T17:52:59 ICT" duration-ms="2471" status="PASS">
          <reporter-output>
          </reporter-output>
        </test-method> <!-- tearDown -->
      </class> <!-- testSeleniumLambda.Selenium101LambdaTest -->
    </test> <!-- FirefoxTest -->
    <test started-at="2566-04-07T17:52:14 ICT" name="SafariTest" finished-at="2566-04-07T17:54:38 ICT" duration-ms="143556">
      <class name="testSeleniumLambda.Selenium101LambdaTest">
        <test-method is-config="true" signature="setUp(java.lang.String,java.lang.String,java.lang.String)[pri:0, instance:testSeleniumLambda.Selenium101LambdaTest@298a5e20]" started-at="2566-04-07T17:52:14 ICT" name="setUp" finished-at="2566-04-07T17:53:23 ICT" duration-ms="68903" status="PASS">
          <params>
            <param index="0">
              <value>
                <![CDATA[Opera]]>
              </value>
            </param>
            <param index="1">
              <value>
                <![CDATA[85.0]]>
              </value>
            </param>
            <param index="2">
              <value>
                <![CDATA[macOS High Sierra]]>
              </value>
            </param>
          </params>
          <reporter-output>
          </reporter-output>
        </test-method> <!-- setUp -->
        <test-method signature="testcase1()[pri:0, instance:testSeleniumLambda.Selenium101LambdaTest@298a5e20]" started-at="2566-04-07T17:53:23 ICT" name="testcase1" finished-at="2566-04-07T17:53:35 ICT" duration-ms="11799" status="PASS">
          <reporter-output>
          </reporter-output>
        </test-method> <!-- testcase1 -->
        <test-method signature="testcase2(java.lang.String)[pri:0, instance:testSeleniumLambda.Selenium101LambdaTest@298a5e20]" started-at="2566-04-07T17:53:35 ICT" name="testcase2" finished-at="2566-04-07T17:54:04 ICT" duration-ms="28738" status="PASS">
          <params>
            <param index="0">
              <value>
                <![CDATA[Opera]]>
              </value>
            </param>
          </params>
          <reporter-output>
          </reporter-output>
        </test-method> <!-- testcase2 -->
        <test-method signature="testcase3(java.lang.String)[pri:0, instance:testSeleniumLambda.Selenium101LambdaTest@298a5e20]" started-at="2566-04-07T17:54:04 ICT" name="testcase3" finished-at="2566-04-07T17:54:36 ICT" duration-ms="32089" status="PASS">
          <params>
            <param index="0">
              <value>
                <![CDATA[Opera]]>
              </value>
            </param>
          </params>
          <reporter-output>
          </reporter-output>
        </test-method> <!-- testcase3 -->
        <test-method is-config="true" signature="tearDown()[pri:0, instance:testSeleniumLambda.Selenium101LambdaTest@298a5e20]" started-at="2566-04-07T17:54:36 ICT" name="tearDown" finished-at="2566-04-07T17:54:38 ICT" duration-ms="2010" status="PASS">
          <reporter-output>
          </reporter-output>
        </test-method> <!-- tearDown -->
      </class> <!-- testSeleniumLambda.Selenium101LambdaTest -->
    </test> <!-- SafariTest -->
  </suite> <!-- BlogSuite -->
</testng-results>
