<?xml version="1.0" encoding="UTF-8"?>
<!-- Generated by org.testng.reporters.JUnitXMLReporter -->
<testsuite hostname="janjira" ignored="0" name="Listener Test" tests="4" failures="1" timestamp="2566-03-04T15:57:43 ICT" time="13.099" errors="0">
  <testcase name="launchApp" time="6.18" classname="testNG.ListenerDemoTest">
    <skipped/>
  </testcase> <!-- launchApp -->
  <testcase name="launchApp" time="1.927" classname="testNG.ListenerDemoTest">
    <skipped/>
  </testcase> <!-- launchApp -->
  <testcase name="launchApp" time="3.19" classname="testNG.ListenerDemoTest">
    <skipped/>
  </testcase> <!-- launchApp -->
  <testcase name="launchApp" time="1.708" classname="testNG.ListenerDemoTest">
    <failure type="java.lang.AssertionError" message="expected [true] but found [false]">
      <![CDATA[java.lang.AssertionError: expected [true] but found [false]
at testNG.ListenerDemoTest.launchApp(ListenerDemoTest.java:14)
at java.util.ArrayList.forEach(Unknown Source)
... Removed 31 stack frames]]>
    </failure>
  </testcase> <!-- launchApp -->
</testsuite> <!-- Listener Test -->
