<?xml version="1.0" encoding="UTF-8"?>
<!-- Generated by org.testng.reporters.JUnitXMLReporter -->
<testsuite hostname="janjira" ignored="2" name="GRP-regression2" tests="2" failures="0" timestamp="2566-03-03T00:45:49 ICT" time="0.055" errors="0">
  <testcase name="aTest3" time="0.008" classname="testNG.GroupDemoTest"/>
  <testcase name="aTest4" time="0.002" classname="testNG.GroupDemoTest"/>
  <testcase name="aTest1" time="0.0" classname="testNG.GroupDemoTest">
    <ignored/>
  </testcase> <!-- aTest1 -->
  <testcase name="aTest2" time="0.0" classname="testNG.GroupDemoTest">
    <ignored/>
  </testcase> <!-- aTest2 -->
</testsuite> <!-- GRP-regression2 -->
