<?xml version="1.0" encoding="UTF-8"?>
<!-- Generated by org.testng.reporters.JUnitXMLReporter -->
<testsuite hostname="janjira" ignored="0" name="Test Before Suite After Suite" tests="4" failures="0" timestamp="2566-03-03T22:23:06 ICT" time="0.009" errors="0">
  <testcase name="aTest3" time="0.001" classname="testNG.GroupDemoTest2"/>
  <testcase name="aTest4" time="0.001" classname="testNG.GroupDemoTest2"/>
  <testcase name="aTest1" time="0.001" classname="testNG.GroupDemoTest2"/>
  <testcase name="aTest2" time="0.001" classname="testNG.GroupDemoTest2"/>
</testsuite> <!-- Test Before Suite After Suite -->
