<?xml version="1.0" encoding="UTF-8"?>
<!-- Generated by org.testng.reporters.JUnitXMLReporter -->
<testsuite ignored="0" hostname="janjira" failures="0" tests="3" name="ChromeTest" time="41.701" errors="0" timestamp="2566-04-07T17:52:56 ICT">
  <testcase classname="testSeleniumLambda.Selenium101LambdaTest" name="testcase1" time="5.848"/>
  <testcase classname="testSeleniumLambda.Selenium101LambdaTest" name="testcase2" time="4.179"/>
  <testcase classname="testSeleniumLambda.Selenium101LambdaTest" name="testcase3" time="22.983"/>
</testsuite> <!-- ChromeTest -->
