<?xml version="1.0" encoding="UTF-8"?>
<!-- Generated by org.testng.reporters.JUnitXMLReporter -->
<testsuite ignored="0" hostname="janjira" failures="0" tests="3" name="FirefoxTest" time="44.726" errors="0" timestamp="2566-04-07T17:52:59 ICT">
  <testcase classname="testSeleniumLambda.Selenium101LambdaTest" name="testcase1" time="6.903"/>
  <testcase classname="testSeleniumLambda.Selenium101LambdaTest" name="testcase2" time="4.398"/>
  <testcase classname="testSeleniumLambda.Selenium101LambdaTest" name="testcase3" time="23.253"/>
</testsuite> <!-- FirefoxTest -->
