<?xml version="1.0" encoding="UTF-8"?>
<!-- Generated by org.testng.reporters.JUnitXMLReporter -->
<testsuite ignored="0" hostname="janjira" failures="0" tests="3" name="SafariTest" time="143.556" errors="0" timestamp="2566-04-07T17:54:38 ICT">
  <testcase classname="testSeleniumLambda.Selenium101LambdaTest" name="testcase1" time="11.799"/>
  <testcase classname="testSeleniumLambda.Selenium101LambdaTest" name="testcase2" time="28.738"/>
  <testcase classname="testSeleniumLambda.Selenium101LambdaTest" name="testcase3" time="32.089"/>
</testsuite> <!-- SafariTest -->
